<?xml version="1.0" encoding="UTF-8"?>
<!-- Generated by org.testng.reporters.JUnitReportReporter -->
<testsuite hostname="DESKTOP-FOPQIB1" failures="0" tests="2" name="TestScripts.SonyXperia" time="22.268" errors="0" timestamp="2023-04-13T21:37:32 IST" skipped="0">
  <testcase classname="TestScripts.SonyXperia" name="sony" time="7.798"/>
  <system-out/>
  <testcase classname="TestScripts.SonyXperia" name="openmajento" time="14.470"/>
  <system-out/>
</testsuite> <!-- TestScripts.SonyXperia -->
