<?xml version="1.0" encoding="UTF-8"?>
<!-- Generated by org.testng.reporters.JUnitReportReporter -->
<testsuite hostname="DESKTOP-FOPQIB1" failures="0" tests="1" name="BaseClass.OpenTechpanda" time="11.545" errors="0" timestamp="2023-05-02T15:17:15 IST" skipped="0">
  <testcase classname="BaseClass.OpenTechpanda" name="openmajento" time="11.545"/>
  <system-out/>
</testsuite> <!-- BaseClass.OpenTechpanda -->
