<?xml version="1.0" encoding="UTF-8"?>
<!-- Generated by org.testng.reporters.JUnitReportReporter -->
<testsuite hostname="DESKTOP-FOPQIB1" failures="0" tests="2" name="TestScripts.Mobiles" time="54.947" errors="0" timestamp="2023-04-13T15:27:27 IST" skipped="0">
  <testcase classname="TestScripts.Mobiles" name="mobile" time="29.041"/>
  <system-out/>
  <testcase classname="TestScripts.Mobiles" name="openmajento" time="25.906"/>
  <system-out/>
</testsuite> <!-- TestScripts.Mobiles -->
