<?xml version="1.0" encoding="UTF-8"?>
<!-- Generated by org.testng.reporters.JUnitReportReporter -->
<testsuite hostname="DESKTOP-FOPQIB1" failures="0" tests="1" name="TestScripts.Day7SaveOrderasPdf" time="9.243" errors="0" timestamp="2023-05-03T13:27:50 IST" skipped="0">
  <testcase classname="TestScripts.Day7SaveOrderasPdf" name="openmajento" time="9.243"/>
  <system-out/>
</testsuite> <!-- TestScripts.Day7SaveOrderasPdf -->
